<?xml version="1.0" encoding="UTF-8"?>
<testsuite name="linter.AppTest" tests="1" skipped="0" failures="0" errors="0" timestamp="2021-04-06T20:27:45" hostname="DESKTOP-ELOJ1AP" time="0.058">
  <properties/>
  <testcase name="testAppHasAGreeting" classname="linter.AppTest" time="0.058"/>
  <system-out><![CDATA[]]></system-out>
  <system-err><![CDATA[]]></system-err>
</testsuite>
